2026-05-23 13:16:07 | INFO     | step_editor | ========================================================================
2026-05-23 13:16:07 | INFO     | step_editor | STEP File Editor started
2026-05-23 13:16:07 | INFO     | step_editor | Python 3.14.0 (tags/v3.14.0:ebf955d, Oct  7 2025, 10:15:03) [MSC v.1944 64 bit (AMD64)]
2026-05-23 13:16:07 | INFO     | step_editor | Platform win32
2026-05-23 13:16:07 | INFO     | step_editor | Log file: B:\onshape\logs\step_editor.log
2026-05-23 13:16:07 | INFO     | step_editor | ========================================================================
2026-05-23 13:16:09 | INFO     | step_editor | Starting application
2026-05-23 13:16:09 | INFO     | step_editor | Main window shown
2026-05-23 13:16:22 | INFO     | step_editor | Loading STEP mesh: Leg.stp
2026-05-23 13:16:22 | INFO     | step_editor | Loading STEP mesh: Leg.stp
2026-05-23 13:16:22 | INFO     | step_editor | Loaded STEP mesh: Leg.stp
2026-05-23 13:16:22 | INFO     | step_editor | Loaded STEP mesh: Leg.stp
2026-05-23 13:16:23 | INFO     | step_editor | Loading STEP mesh: Pawl.stp
2026-05-23 13:16:23 | INFO     | step_editor | Loaded STEP mesh: Pawl.stp
2026-05-23 13:16:35 | DEBUG    | step_editor | Viewport fit 1182x578 (fullscreen=False)
2026-05-23 13:21:09 | INFO     | step_editor | Application exiting
2026-05-23 13:21:22 | INFO     | step_editor | ========================================================================
2026-05-23 13:21:22 | INFO     | step_editor | STEP File Editor started
2026-05-23 13:21:22 | INFO     | step_editor | Python 3.14.0 (tags/v3.14.0:ebf955d, Oct  7 2025, 10:15:03) [MSC v.1944 64 bit (AMD64)]
2026-05-23 13:21:22 | INFO     | step_editor | Platform win32
2026-05-23 13:21:22 | INFO     | step_editor | Log file: B:\onshape\logs\step_editor.log
2026-05-23 13:21:22 | INFO     | step_editor | ========================================================================
2026-05-23 13:21:25 | INFO     | step_editor | Starting application
2026-05-23 13:21:25 | INFO     | step_editor | Main window shown
2026-05-23 13:21:37 | INFO     | step_editor | Loading STEP mesh: Pawl.stp
2026-05-23 13:21:37 | INFO     | step_editor | Loading STEP mesh: Pawl.stp
2026-05-23 13:21:37 | INFO     | step_editor | Loaded STEP mesh: Pawl.stp
2026-05-23 13:21:37 | INFO     | step_editor | Loaded STEP mesh: Pawl.stp
2026-05-23 13:21:38 | DEBUG    | step_editor | 3D reflow 1242x576 fullscreen=False
2026-05-23 13:21:44 | DEBUG    | step_editor | 3D reflow 1502x724 fullscreen=True
2026-05-23 13:21:44 | DEBUG    | step_editor | 3D reflow 1502x724 fullscreen=True
2026-05-23 13:21:44 | DEBUG    | step_editor | 3D reflow 1506x724 fullscreen=True
2026-05-23 13:21:47 | DEBUG    | step_editor | 3D reflow 990x583 fullscreen=False
2026-05-23 13:21:47 | DEBUG    | step_editor | 3D reflow 990x583 fullscreen=False
2026-05-23 13:21:49 | DEBUG    | step_editor | 3D reflow 1242x576 fullscreen=False
2026-05-23 13:22:37 | DEBUG    | step_editor | 3D reflow 1502x724 fullscreen=True
2026-05-23 13:22:38 | DEBUG    | step_editor | 3D reflow 1502x724 fullscreen=True
2026-05-23 13:22:42 | DEBUG    | step_editor | 3D reflow 1506x724 fullscreen=True
Windows fatal exception: access violation

Current thread 0x00004954 (most recent call first):
  File "B:\onshape\step_file_editor.py", line 393 in _exit_3d_fullscreen
  File "B:\onshape\step_file_editor.py", line 344 in _toggle_3d_fullscreen
  File "B:\onshape\step_file_editor.py", line 831 in main
  File "B:\onshape\step_file_editor.py", line 839 in <module>

Current thread's C stack trace (most recent call first):
  <cannot get C stack on this system>
2026-05-23 13:26:48 | INFO     | step_editor | ========================================================================
2026-05-23 13:26:48 | INFO     | step_editor | STEP File Editor started
2026-05-23 13:26:48 | INFO     | step_editor | Python 3.14.0 (tags/v3.14.0:ebf955d, Oct  7 2025, 10:15:03) [MSC v.1944 64 bit (AMD64)]
2026-05-23 13:26:48 | INFO     | step_editor | Platform win32
2026-05-23 13:26:48 | INFO     | step_editor | Log file: B:\onshape\logs\step_editor.log
2026-05-23 13:26:48 | INFO     | step_editor | ========================================================================
2026-05-23 13:26:51 | INFO     | step_editor | Starting application
2026-05-23 13:26:51 | INFO     | step_editor | Main window shown
2026-05-23 13:27:04 | INFO     | step_editor | Loading STEP mesh: Pawl.stp
2026-05-23 13:27:04 | INFO     | step_editor | Loaded STEP mesh: Pawl.stp
2026-05-23 13:27:06 | DEBUG    | step_editor | 3D reflow 1242x576 fullscreen=False
2026-05-23 13:27:41 | DEBUG    | step_editor | 3D reflow 1506x724 fullscreen=True
Windows fatal exception: access violation

Current thread 0x0000049c (most recent call first):
  File "B:\onshape\step_file_editor.py", line 418 in _exit_3d_fullscreen
  File "B:\onshape\step_file_editor.py", line 348 in _toggle_3d_fullscreen
  File "B:\onshape\step_file_editor.py", line 882 in main
  File "B:\onshape\step_file_editor.py", line 890 in <module>

Current thread's C stack trace (most recent call first):
  <cannot get C stack on this system>
2026-05-23 13:39:12 | INFO     | step_editor | ========================================================================
2026-05-23 13:39:12 | INFO     | step_editor | STEP File Editor started
2026-05-23 13:39:12 | INFO     | step_editor | Python 3.14.0 (tags/v3.14.0:ebf955d, Oct  7 2025, 10:15:03) [MSC v.1944 64 bit (AMD64)]
2026-05-23 13:39:12 | INFO     | step_editor | Platform win32
2026-05-23 13:39:12 | INFO     | step_editor | Log file: B:\onshape\logs\step_editor.log
2026-05-23 13:39:12 | INFO     | step_editor | ========================================================================
2026-05-23 13:39:15 | INFO     | step_editor | Starting application
2026-05-23 13:39:16 | INFO     | step_editor | Main window shown
2026-05-23 13:39:27 | INFO     | step_editor | Loading STEP mesh: Pawl.stp
2026-05-23 13:39:27 | INFO     | step_editor | Loaded STEP mesh: Pawl.stp
2026-05-23 13:39:29 | DEBUG    | step_editor | 3D reflow 1242x576 fullscreen=False
2026-05-23 13:39:47 | INFO     | step_editor | Entering 3D expanded view
2026-05-23 13:39:47 | INFO     | step_editor | 3D expanded view ready
2026-05-23 13:39:52 | DEBUG    | step_editor | 3D reflow 1506x653 fullscreen=True
2026-05-23 13:39:53 | INFO     | step_editor | Exiting 3D expanded view
Windows fatal exception: access violation

Current thread 0x00002a74 (most recent call first):
  File "B:\onshape\step_file_editor.py", line 435 in _finish_exit_fullscreen
  File "B:\onshape\step_file_editor.py", line 918 in main
  File "B:\onshape\step_file_editor.py", line 926 in <module>

Current thread's C stack trace (most recent call first):
  <cannot get C stack on this system>
2026-05-23 13:45:13 | INFO     | step_editor | ========================================================================
2026-05-23 13:45:13 | INFO     | step_editor | STEP File Editor started
2026-05-23 13:45:13 | INFO     | step_editor | Python 3.14.0 (tags/v3.14.0:ebf955d, Oct  7 2025, 10:15:03) [MSC v.1944 64 bit (AMD64)]
2026-05-23 13:45:13 | INFO     | step_editor | Platform win32
2026-05-23 13:45:13 | INFO     | step_editor | Log file: B:\onshape\logs\step_editor.log
2026-05-23 13:45:13 | INFO     | step_editor | ========================================================================
2026-05-23 13:45:15 | INFO     | step_editor | Starting application
2026-05-23 13:45:16 | INFO     | step_editor | Main window shown
2026-05-23 13:45:30 | INFO     | step_editor | Loading STEP mesh: Pawl.stp
2026-05-23 13:45:30 | INFO     | step_editor | Loaded STEP mesh: Pawl.stp
2026-05-23 13:45:31 | DEBUG    | step_editor | 3D reflow 1242x576 fullscreen=False
2026-05-23 13:48:15 | INFO     | step_editor | Application exiting
2026-05-23 13:49:48 | INFO     | step_editor | ========================================================================
2026-05-23 13:49:48 | INFO     | step_editor | STEP File Editor started
2026-05-23 13:49:48 | INFO     | step_editor | Python 3.14.0 (tags/v3.14.0:ebf955d, Oct  7 2025, 10:15:03) [MSC v.1944 64 bit (AMD64)]
2026-05-23 13:49:48 | INFO     | step_editor | Platform win32
2026-05-23 13:49:48 | INFO     | step_editor | Log file: B:\onshape\logs\step_editor.log
2026-05-23 13:49:48 | INFO     | step_editor | ========================================================================
2026-05-23 13:49:50 | INFO     | step_editor | Starting application
2026-05-23 13:49:51 | INFO     | step_editor | Main window shown
2026-05-23 13:50:04 | INFO     | step_editor | Loading STEP mesh: Pawl.stp
2026-05-23 13:50:04 | INFO     | step_editor | Loaded STEP mesh: Pawl.stp
2026-05-23 13:50:06 | DEBUG    | step_editor | 3D reflow 1242x576 fullscreen=False
2026-05-23 13:50:19 | INFO     | step_editor | Blueprint saved: B:\LiftingTable4STEP\Pawl_blueprint.png
2026-05-23 13:53:11 | DEBUG    | step_editor | 3D reflow 1242x576 fullscreen=False
2026-05-23 13:53:12 | DEBUG    | step_editor | 3D reflow 1242x576 fullscreen=False
2026-05-23 13:53:16 | INFO     | step_editor | Application exiting
2026-05-23 13:53:19 | INFO     | step_editor | ========================================================================
2026-05-23 13:53:19 | INFO     | step_editor | STEP File Editor started
2026-05-23 13:53:19 | INFO     | step_editor | Python 3.14.0 (tags/v3.14.0:ebf955d, Oct  7 2025, 10:15:03) [MSC v.1944 64 bit (AMD64)]
2026-05-23 13:53:19 | INFO     | step_editor | Platform win32
2026-05-23 13:53:19 | INFO     | step_editor | Log file: B:\onshape\logs\step_editor.log
2026-05-23 13:53:19 | INFO     | step_editor | ========================================================================
2026-05-23 13:53:22 | INFO     | step_editor | Starting application
2026-05-23 13:53:22 | INFO     | step_editor | Main window shown
2026-05-23 13:53:35 | INFO     | step_editor | Loading STEP mesh: Pawl.stp
2026-05-23 13:53:35 | INFO     | step_editor | Loaded STEP mesh: Pawl.stp
2026-05-23 13:53:36 | DEBUG    | step_editor | 3D reflow 1242x576 fullscreen=False
2026-05-23 13:53:45 | INFO     | step_editor | Pencil sketch saved: B:\LiftingTable4STEP\Pawl_sketch.png
2026-05-23 13:55:36 | DEBUG    | step_editor | 3D reflow 1242x576 fullscreen=False
2026-05-23 13:56:51 | DEBUG    | step_editor | 3D reflow 1242x576 fullscreen=False
2026-05-23 13:56:54 | INFO     | step_editor | Application exiting
2026-05-23 13:56:57 | INFO     | step_editor | ========================================================================
2026-05-23 13:56:57 | INFO     | step_editor | NagaWorks STEP File Editor V1.1 started
2026-05-23 13:56:57 | INFO     | step_editor | Python 3.14.0 (tags/v3.14.0:ebf955d, Oct  7 2025, 10:15:03) [MSC v.1944 64 bit (AMD64)]
2026-05-23 13:56:57 | INFO     | step_editor | Platform win32
2026-05-23 13:56:57 | INFO     | step_editor | Log file: B:\onshape\logs\step_editor.log
2026-05-23 13:56:57 | INFO     | step_editor | ========================================================================
2026-05-23 13:57:00 | INFO     | step_editor | Starting application
2026-05-23 13:57:00 | INFO     | step_editor | Main window shown
2026-05-23 13:57:14 | INFO     | step_editor | Loading STEP mesh: Pawl.stp
2026-05-23 13:57:14 | INFO     | step_editor | Loaded STEP mesh: Pawl.stp
2026-05-23 13:57:16 | DEBUG    | step_editor | 3D reflow 1242x576 fullscreen=False
2026-05-23 13:59:06 | INFO     | step_editor | Application exiting
2026-05-23 13:59:32 | INFO     | step_editor | ========================================================================
2026-05-23 13:59:32 | INFO     | step_editor | NagaWorks STEP File Editor V1.1 started
2026-05-23 13:59:32 | INFO     | step_editor | Python 3.14.0 (tags/v3.14.0:ebf955d, Oct  7 2025, 10:15:03) [MSC v.1944 64 bit (AMD64)]
2026-05-23 13:59:32 | INFO     | step_editor | Platform win32
2026-05-23 13:59:32 | INFO     | step_editor | Log file: B:\onshape\logs\step_editor.log
2026-05-23 13:59:32 | INFO     | step_editor | ========================================================================
2026-05-23 13:59:35 | INFO     | step_editor | Starting application
2026-05-23 13:59:35 | INFO     | step_editor | Main window shown
2026-05-23 13:59:58 | INFO     | step_editor | Loading STEP mesh: Leg.stp
2026-05-23 13:59:59 | INFO     | step_editor | Loaded STEP mesh: Leg.stp
2026-05-23 14:00:00 | DEBUG    | step_editor | 3D reflow 1242x576 fullscreen=False
2026-05-23 14:00:00 | INFO     | step_editor | Loading STEP mesh: Pawl.stp
2026-05-23 14:00:00 | INFO     | step_editor | Loaded STEP mesh: Pawl.stp
2026-05-23 14:00:00 | DEBUG    | step_editor | 3D reflow 1242x576 fullscreen=False
2026-05-23 14:03:00 | DEBUG    | step_editor | 3D reflow 1242x576 fullscreen=False
2026-05-23 14:06:31 | DEBUG    | step_editor | 3D reflow 1242x576 fullscreen=False
2026-05-23 14:06:33 | INFO     | step_editor | Application exiting
2026-05-23 14:06:39 | INFO     | step_editor | ========================================================================
2026-05-23 14:06:39 | INFO     | step_editor | NagaWorks STEP File Editor V1.1 started
2026-05-23 14:06:39 | INFO     | step_editor | Python 3.14.0 (tags/v3.14.0:ebf955d, Oct  7 2025, 10:15:03) [MSC v.1944 64 bit (AMD64)]
2026-05-23 14:06:39 | INFO     | step_editor | Platform win32
2026-05-23 14:06:39 | INFO     | step_editor | Log file: B:\onshape\logs\step_editor.log
2026-05-23 14:06:39 | INFO     | step_editor | ========================================================================
2026-05-23 14:06:41 | INFO     | step_editor | Starting application
2026-05-23 14:06:41 | INFO     | step_editor | Main window shown
2026-05-23 14:06:45 | INFO     | step_editor | Loading STEP mesh: Bearing1.stp
2026-05-23 14:06:46 | INFO     | step_editor | Loaded STEP mesh: Bearing1.stp
2026-05-23 14:06:47 | DEBUG    | step_editor | 3D reflow 1268x606 fullscreen=False
2026-05-23 14:07:14 | INFO     | step_editor | Entering 3D expanded view
2026-05-23 14:07:14 | INFO     | step_editor | 3D expanded view ready
2026-05-23 14:07:15 | DEBUG    | step_editor | 3D reflow 1532x711 fullscreen=True
2026-05-23 14:07:29 | INFO     | step_editor | Exiting 3D expanded view
2026-05-23 14:07:30 | INFO     | step_editor | Exited 3D expanded view
2026-05-23 14:07:30 | DEBUG    | step_editor | 3D reflow 1268x606 fullscreen=False
2026-05-23 15:53:28 | DEBUG    | step_editor | 3D reflow 1268x606 fullscreen=False
2026-05-23 15:53:28 | DEBUG    | step_editor | 3D reflow 1268x606 fullscreen=False
2026-05-23 15:53:28 | DEBUG    | step_editor | 3D reflow 1268x606 fullscreen=False
2026-05-23 16:48:12 | DEBUG    | step_editor | 3D reflow 1268x606 fullscreen=False
2026-05-23 16:48:12 | DEBUG    | step_editor | 3D reflow 1268x606 fullscreen=False
2026-05-23 16:48:12 | DEBUG    | step_editor | 3D reflow 1268x606 fullscreen=False
2026-05-23 16:48:12 | DEBUG    | step_editor | 3D reflow 1268x606 fullscreen=False
2026-05-23 16:50:10 | INFO     | step_editor | Application exiting
2026-05-23 16:50:13 | INFO     | step_editor | ========================================================================
2026-05-23 16:50:13 | INFO     | step_editor | NagaWorks STEP File Editor V1.1 started
2026-05-23 16:50:13 | INFO     | step_editor | Python 3.14.0 (tags/v3.14.0:ebf955d, Oct  7 2025, 10:15:03) [MSC v.1944 64 bit (AMD64)]
2026-05-23 16:50:13 | INFO     | step_editor | Platform win32
2026-05-23 16:50:13 | INFO     | step_editor | Log file: B:\onshape\logs\step_editor.log
2026-05-23 16:50:13 | INFO     | step_editor | ========================================================================
2026-05-23 16:50:33 | INFO     | step_editor | Starting application
2026-05-23 16:50:34 | INFO     | step_editor | Main window shown
2026-05-23 16:51:04 | INFO     | step_editor | Loading STEP mesh: Pawl.stp
2026-05-23 16:51:04 | INFO     | step_editor | Loaded STEP mesh: Pawl.stp
2026-05-23 16:51:06 | DEBUG    | step_editor | 3D reflow 1268x606 fullscreen=False
2026-05-23 16:52:29 | INFO     | step_editor | Pencil sketch saved: B:\LiftingTable4STEP\Pawl_sketch.png
2026-05-23 16:57:18 | INFO     | step_editor | Application exiting
2026-05-23 16:57:41 | INFO     | step_editor | ========================================================================
2026-05-23 16:57:41 | INFO     | step_editor | NagaWorks STEP File Editor V1.1 started
2026-05-23 16:57:41 | INFO     | step_editor | Python 3.14.0 (tags/v3.14.0:ebf955d, Oct  7 2025, 10:15:03) [MSC v.1944 64 bit (AMD64)]
2026-05-23 16:57:41 | INFO     | step_editor | Platform win32
2026-05-23 16:57:41 | INFO     | step_editor | Log file: B:\onshape\logs\step_editor.log
2026-05-23 16:57:41 | INFO     | step_editor | ========================================================================
2026-05-23 16:57:44 | INFO     | step_editor | Starting application
2026-05-23 16:57:44 | INFO     | step_editor | Main window shown
2026-05-23 16:57:56 | INFO     | step_editor | Loading STEP mesh: Pawl.stp
2026-05-23 16:57:56 | INFO     | step_editor | Loaded STEP mesh: Pawl.stp
2026-05-23 16:57:57 | DEBUG    | step_editor | 3D reflow 1268x606 fullscreen=False
2026-05-23 16:58:33 | INFO     | step_editor | Entering 3D expanded view
2026-05-23 16:58:33 | INFO     | step_editor | 3D expanded view ready
2026-05-23 16:58:34 | DEBUG    | step_editor | 3D reflow 1532x711 fullscreen=True
2026-05-23 17:09:29 | INFO     | step_editor | Exiting 3D expanded view
2026-05-23 17:09:29 | INFO     | step_editor | Exited 3D expanded view
2026-05-23 17:09:30 | DEBUG    | step_editor | 3D reflow 1268x606 fullscreen=False
2026-05-23 17:09:39 | INFO     | step_editor | Loading STEP mesh: LeafSpring.stp
2026-05-23 17:09:39 | INFO     | step_editor | Loaded STEP mesh: LeafSpring.stp
2026-05-23 17:09:39 | DEBUG    | step_editor | 3D reflow 1268x606 fullscreen=False
2026-05-23 17:09:42 | INFO     | step_editor | Loading STEP mesh: LeafSpringB.stp
2026-05-23 17:09:42 | INFO     | step_editor | Loaded STEP mesh: LeafSpringB.stp
2026-05-23 17:09:42 | DEBUG    | step_editor | 3D reflow 1268x606 fullscreen=False
2026-05-23 17:09:43 | INFO     | step_editor | Loading STEP mesh: LeafSpringH.stp
2026-05-23 17:09:43 | INFO     | step_editor | Loaded STEP mesh: LeafSpringH.stp
2026-05-23 17:09:43 | DEBUG    | step_editor | 3D reflow 1268x606 fullscreen=False
2026-05-23 17:09:48 | INFO     | step_editor | Loading STEP mesh: Post.stp
2026-05-23 17:09:48 | INFO     | step_editor | Loaded STEP mesh: Post.stp
2026-05-23 17:09:48 | DEBUG    | step_editor | 3D reflow 1268x606 fullscreen=False
2026-05-23 17:10:07 | INFO     | step_editor | Loading STEP mesh: RatchetL.stp
2026-05-23 17:10:07 | INFO     | step_editor | Loaded STEP mesh: RatchetL.stp
2026-05-23 17:10:07 | DEBUG    | step_editor | 3D reflow 1268x606 fullscreen=False
2026-05-23 17:11:05 | INFO     | step_editor | Entering 3D expanded view
2026-05-23 17:11:05 | INFO     | step_editor | 3D expanded view ready
2026-05-23 17:11:05 | DEBUG    | step_editor | 3D reflow 1532x711 fullscreen=True
2026-05-23 17:14:03 | INFO     | step_editor | Exiting 3D expanded view
2026-05-23 17:14:03 | INFO     | step_editor | Exited 3D expanded view
2026-05-23 17:14:03 | DEBUG    | step_editor | 3D reflow 1268x606 fullscreen=False
2026-05-23 17:14:06 | INFO     | step_editor | Loading STEP mesh: Slider.stp
2026-05-23 17:14:06 | INFO     | step_editor | Loaded STEP mesh: Slider.stp
2026-05-23 17:14:07 | DEBUG    | step_editor | 3D reflow 1268x606 fullscreen=False
2026-05-23 17:50:32 | INFO     | step_editor | Application exiting
2026-05-23 18:02:34 | INFO     | step_editor | ========================================================================
2026-05-23 18:02:34 | INFO     | step_editor | NagaWorks STEP File Editor V1.1 started
2026-05-23 18:02:34 | INFO     | step_editor | Python 3.14.0 (tags/v3.14.0:ebf955d, Oct  7 2025, 10:15:03) [MSC v.1944 64 bit (AMD64)]
2026-05-23 18:02:34 | INFO     | step_editor | Platform win32
2026-05-23 18:02:34 | INFO     | step_editor | Log file: B:\onshape\logs\step_editor.log
2026-05-23 18:02:34 | INFO     | step_editor | ========================================================================
2026-05-23 18:02:37 | INFO     | step_editor | Starting application
2026-05-23 18:02:37 | INFO     | step_editor | Main window shown
2026-05-23 18:02:41 | INFO     | step_editor | Loading STEP mesh: Stopper.stp
2026-05-23 18:02:41 | INFO     | step_editor | Loaded STEP mesh: Stopper.stp
2026-05-23 18:02:42 | DEBUG    | step_editor | 3D reflow 1268x606 fullscreen=False
2026-05-23 18:02:43 | INFO     | step_editor | Loading STEP mesh: Screw4T.stp
2026-05-23 18:02:43 | INFO     | step_editor | Loaded STEP mesh: Screw4T.stp
2026-05-23 18:02:43 | DEBUG    | step_editor | 3D reflow 1268x606 fullscreen=False
2026-05-23 18:04:04 | DEBUG    | step_editor | 3D reflow 1268x606 fullscreen=False
2026-05-23 18:04:04 | DEBUG    | step_editor | 3D reflow 1268x606 fullscreen=False
2026-05-23 18:04:05 | DEBUG    | step_editor | 3D reflow 1268x606 fullscreen=False
2026-05-23 18:07:13 | DEBUG    | step_editor | 3D reflow 1268x606 fullscreen=False
2026-05-23 18:07:13 | DEBUG    | step_editor | 3D reflow 1268x606 fullscreen=False
2026-05-23 18:07:13 | DEBUG    | step_editor | 3D reflow 1268x606 fullscreen=False
2026-05-23 18:07:13 | DEBUG    | step_editor | 3D reflow 1268x606 fullscreen=False
2026-05-23 18:41:52 | INFO     | step_editor | Application exiting
2026-05-23 18:41:55 | INFO     | step_editor | ========================================================================
2026-05-23 18:41:55 | INFO     | step_editor | NagaWorks STEP File Editor V1.1 started
2026-05-23 18:41:55 | INFO     | step_editor | Python 3.14.0 (tags/v3.14.0:ebf955d, Oct  7 2025, 10:15:03) [MSC v.1944 64 bit (AMD64)]
2026-05-23 18:41:55 | INFO     | step_editor | Platform win32
2026-05-23 18:41:55 | INFO     | step_editor | Log file: B:\onshape\logs\step_editor.log
2026-05-23 18:41:55 | INFO     | step_editor | ========================================================================
2026-05-23 18:41:56 | INFO     | step_editor | Starting application
2026-05-23 18:41:56 | INFO     | step_editor | Main window shown
2026-05-23 18:41:59 | INFO     | step_editor | Loading STEP mesh: Screw4T.stp
2026-05-23 18:41:59 | INFO     | step_editor | Loaded STEP mesh: Screw4T.stp
2026-05-23 18:42:00 | DEBUG    | step_editor | 3D reflow 1012x590 fullscreen=False
2026-05-23 18:42:02 | DEBUG    | step_editor | 3D reflow 1268x583 fullscreen=False
2026-05-23 18:42:02 | DEBUG    | step_editor | 3D reflow 1268x583 fullscreen=False
2026-05-23 18:42:02 | DEBUG    | step_editor | 3D reflow 1268x583 fullscreen=False
2026-05-23 18:45:08 | INFO     | step_editor | Loading STEP mesh: Runway.stp
2026-05-23 18:45:08 | INFO     | step_editor | Loaded STEP mesh: Runway.stp
2026-05-23 18:45:08 | DEBUG    | step_editor | 3D reflow 1268x583 fullscreen=False
2026-05-23 18:47:27 | INFO     | step_editor | ========================================================================
2026-05-23 18:47:27 | INFO     | step_editor | NagaWorks STEP File Editor V1.1 started
2026-05-23 18:47:27 | INFO     | step_editor | Python 3.14.0 (tags/v3.14.0:ebf955d, Oct  7 2025, 10:15:03) [MSC v.1944 64 bit (AMD64)]
2026-05-23 18:47:27 | INFO     | step_editor | Platform win32
2026-05-23 18:47:27 | INFO     | step_editor | Log file: B:\onshape\logs\step_editor.log
2026-05-23 18:47:27 | INFO     | step_editor | ========================================================================
2026-05-23 18:47:28 | INFO     | step_editor | Starting application
2026-05-23 18:47:28 | INFO     | step_editor | Main window shown
2026-05-23 18:47:32 | INFO     | step_editor | Loading STEP mesh: Runway.stp
2026-05-23 18:47:32 | INFO     | step_editor | Loaded STEP mesh: Runway.stp
2026-05-23 18:47:33 | DEBUG    | step_editor | 3D reflow 1268x583 fullscreen=False
2026-05-23 18:48:13 | INFO     | step_editor | Loading STEP mesh: RetainingClip6.stp
2026-05-23 18:48:13 | INFO     | step_editor | Loaded STEP mesh: RetainingClip6.stp
2026-05-23 18:48:27 | INFO     | step_editor | Loading STEP mesh: PinS.stp
2026-05-23 18:48:27 | INFO     | step_editor | Loaded STEP mesh: PinS.stp
2026-05-23 18:48:37 | INFO     | step_editor | Loading STEP mesh: PinM.stp
2026-05-23 18:48:37 | INFO     | step_editor | Loaded STEP mesh: PinM.stp
2026-05-23 18:48:38 | INFO     | step_editor | Loading STEP mesh: PinL.stp
2026-05-23 18:48:38 | INFO     | step_editor | Loaded STEP mesh: PinL.stp
2026-05-23 18:48:40 | INFO     | step_editor | Loading STEP mesh: Lever.stp
2026-05-23 18:48:40 | INFO     | step_editor | Loaded STEP mesh: Lever.stp
2026-05-23 18:49:23 | INFO     | step_editor | Loading STEP mesh: Latch.stp
2026-05-23 18:49:23 | INFO     | step_editor | Loaded STEP mesh: Latch.stp
2026-05-23 18:49:24 | INFO     | step_editor | Loading STEP mesh: Bolt4W.stp
2026-05-23 18:49:24 | INFO     | step_editor | Loaded STEP mesh: Bolt4W.stp
2026-05-23 18:49:25 | INFO     | step_editor | Loading STEP mesh: Bolt3W.stp
2026-05-23 18:49:25 | INFO     | step_editor | Loaded STEP mesh: Bolt3W.stp
2026-05-23 18:49:26 | INFO     | step_editor | Loading STEP mesh: Bearing1S.stp
2026-05-23 18:49:26 | INFO     | step_editor | Loaded STEP mesh: Bearing1S.stp
2026-05-23 18:49:27 | INFO     | step_editor | Loading STEP mesh: Bearing2.stp
2026-05-23 18:49:27 | INFO     | step_editor | Loaded STEP mesh: Bearing2.stp
2026-05-23 18:49:29 | INFO     | step_editor | Loading STEP mesh: Bearing1S.stp
2026-05-23 18:49:29 | INFO     | step_editor | Loaded STEP mesh: Bearing1S.stp
2026-05-23 18:51:11 | INFO     | step_editor | Loading STEP mesh: Screw4T.stp
2026-05-23 18:51:11 | INFO     | step_editor | Loaded STEP mesh: Screw4T.stp
2026-05-23 18:57:02 | DEBUG    | step_editor | 3D reflow 1177x614 fullscreen=False
2026-05-23 18:58:09 | INFO     | step_editor | Application exiting
2026-05-23 18:58:53 | INFO     | step_editor | ========================================================================
2026-05-23 18:58:53 | INFO     | step_editor | NagaWorks STEP File Editor V1.1 started
2026-05-23 18:58:53 | INFO     | step_editor | Python 3.14.0 (tags/v3.14.0:ebf955d, Oct  7 2025, 10:15:03) [MSC v.1944 64 bit (AMD64)]
2026-05-23 18:58:53 | INFO     | step_editor | Platform win32
2026-05-23 18:58:53 | INFO     | step_editor | Log file: B:\onshape\logs\step_editor.log
2026-05-23 18:58:53 | INFO     | step_editor | ========================================================================
2026-05-23 18:58:54 | INFO     | step_editor | Starting application
2026-05-23 18:58:54 | INFO     | step_editor | Main window shown
2026-05-23 18:58:57 | INFO     | step_editor | Loading STEP mesh: Runway.stp
2026-05-23 18:58:57 | INFO     | step_editor | Loaded STEP mesh: Runway.stp
2026-05-23 18:58:58 | DEBUG    | step_editor | 3D reflow 1012x590 fullscreen=False
2026-05-23 18:59:02 | DEBUG    | step_editor | 3D reflow 1268x583 fullscreen=False
